<?xml version="1.0" encoding="UTF-8"?>
<testng-results total="1" passed="1" failed="0" skipped="0">
  <reporter-output>
  </reporter-output>
  <suite started-at="2020-07-05T19:02:00Z" name="Suite" finished-at="2020-07-05T19:02:07Z" duration-ms="7334">
    <groups>
    </groups>
    <test started-at="2020-07-05T19:02:00Z" name="Test" finished-at="2020-07-05T19:02:07Z" duration-ms="7334">
      <class name="example.NewTest">
        <test-method is-config="true" signature="beforeTest()[pri:0, instance:example.NewTest@3b69e7d1]" started-at="2020-07-05T14:02:00Z" name="beforeTest" finished-at="2020-07-05T14:02:03Z" duration-ms="3564" status="PASS">
          <reporter-output>
          </reporter-output>
        </test-method> <!-- beforeTest -->
        <test-method signature="f(java.lang.String, java.lang.String)[pri:0, instance:example.NewTest@3b69e7d1]" started-at="2020-07-05T14:02:03Z" name="f" finished-at="2020-07-05T14:02:05Z" duration-ms="1908" status="PASS">
          <params>
            <param index="0">
              <value>
                <![CDATA[Chrome]]>
              </value>
            </param>
            <param index="1">
              <value>
                <![CDATA[http://demo.guru99.com/test/guru99home/]]>
              </value>
            </param>
          </params>
          <reporter-output>
          </reporter-output>
        </test-method> <!-- f -->
        <test-method is-config="true" signature="afterTest()[pri:0, instance:example.NewTest@3b69e7d1]" started-at="2020-07-05T14:02:05Z" name="afterTest" finished-at="2020-07-05T14:02:07Z" duration-ms="1850" status="PASS">
          <reporter-output>
          </reporter-output>
        </test-method> <!-- afterTest -->
      </class> <!-- example.NewTest -->
    </test> <!-- Test -->
  </suite> <!-- Suite -->
</testng-results>
