<?xml version="1.0" encoding="UTF-8"?>
<testng-results total="1" passed="1" failed="0" skipped="0">
  <reporter-output>
  </reporter-output>
  <suite started-at="2020-06-23T20:34:01Z" name="Suite" finished-at="2020-06-23T20:34:12Z" duration-ms="11525">
    <groups>
    </groups>
    <test started-at="2020-06-23T20:34:01Z" name="Test" finished-at="2020-06-23T20:34:12Z" duration-ms="11525">
      <class name="example.NewTest">
        <test-method is-config="true" signature="beforeTest()[pri:0, instance:example.NewTest@ae13544]" started-at="2020-06-23T15:34:01Z" name="beforeTest" finished-at="2020-06-23T15:34:04Z" duration-ms="3232" status="PASS">
          <reporter-output>
          </reporter-output>
        </test-method> <!-- beforeTest -->
        <test-method signature="f()[pri:0, instance:example.NewTest@ae13544]" started-at="2020-06-23T15:34:04Z" name="f" finished-at="2020-06-23T15:34:10Z" duration-ms="6086" status="PASS">
          <reporter-output>
          </reporter-output>
        </test-method> <!-- f -->
        <test-method is-config="true" signature="afterTest()[pri:0, instance:example.NewTest@ae13544]" started-at="2020-06-23T15:34:10Z" name="afterTest" finished-at="2020-06-23T15:34:12Z" duration-ms="2196" status="PASS">
          <reporter-output>
          </reporter-output>
        </test-method> <!-- afterTest -->
      </class> <!-- example.NewTest -->
    </test> <!-- Test -->
  </suite> <!-- Suite -->
</testng-results>
